  WorldSpace.cpp
  ViewFrustum.cpp
  Update.cpp
  town.cpp
  TextureDatabase.cpp
  ResourceManager.cpp
d:\users\mantas\source\repo\assignment_project\rpg_game\rpg_game\resourcemanager.cpp(4): fatal error C1083: Cannot open include file: 'ObjectDatabase.h': No such file or directory
  Renderer.cpp
  Quadtree.cpp
d:\users\mantas\source\repo\assignment_project\rpg_game\rpg_game\quadtree.cpp(5): warning C4267: '=': conversion from 'size_t' to 'int', possible loss of data
d:\users\mantas\source\repo\assignment_project\rpg_game\rpg_game\quadtree.cpp(6): warning C4267: '=': conversion from 'size_t' to 'int', possible loss of data
d:\users\mantas\source\repo\assignment_project\rpg_game\rpg_game\quadtree.cpp(7): warning C4267: '=': conversion from 'size_t' to 'int', possible loss of data
d:\users\mantas\source\repo\assignment_project\rpg_game\rpg_game\quadtree.cpp(8): warning C4267: '=': conversion from 'size_t' to 'int', possible loss of data
  ObjectBase.cpp
  main.cpp
  Object.cpp
  levelManager.cpp
  Inventory.cpp
  GameManager.cpp
  Player.cpp
c1xx : fatal error C1083: Cannot open source file: 'F:\GameProject\GameProject\Player.cpp': No such file or directory
  Entity.cpp
c1xx : fatal error C1083: Cannot open source file: 'F:\GameProject\GameProject\Entity.cpp': No such file or directory
  EntityBase.cpp
  EngineManager.cpp
  Camera.cpp
  BaseWeapon.cpp
  Generating Code...
  Compiling...
  BaseItem.cpp
  BaseArmour.cpp
  Generating Code...
